{"/home/fredheeks/projects/challenge/api/server.ts": {"path":"/home/fredheeks/projects/challenge/api/server.ts","statementMap":{"0":{"start":{"line":1,"column":0},"end":{"line":1,"column":30}},"1":{"start":{"line":2,"column":0},"end":{"line":2,"column":24}},"2":{"start":{"line":3,"column":0},"end":{"line":3,"column":24}},"3":{"start":{"line":5,"column":0},"end":{"line":5,"column":35}},"4":{"start":{"line":7,"column":12},"end":{"line":7,"column":21}},"5":{"start":{"line":8,"column":13},"end":{"line":8,"column":17}},"6":{"start":{"line":10,"column":0},"end":{"line":10,"column":24}},"7":{"start":{"line":11,"column":0},"end":{"line":11,"column":16}},"8":{"start":{"line":12,"column":0},"end":{"line":12,"column":21}},"9":{"start":{"line":13,"column":0},"end":{"line":13,"column":22}},"10":{"start":{"line":15,"column":13},"end":{"line":15,"column":45}},"11":{"start":{"line":16,"column":0},"end":{"line":16,"column":20}},"12":{"start":{"line":18,"column":0},"end":{"line":18,"column":null}}},"fnMap":{},"branchMap":{},"s":{"0":1,"1":1,"2":1,"3":1,"4":1,"5":1,"6":1,"7":1,"8":1,"9":1,"10":1,"11":1,"12":1},"f":{},"b":{}}
,"/home/fredheeks/projects/challenge/api/utils.ts": {"path":"/home/fredheeks/projects/challenge/api/utils.ts","statementMap":{"0":{"start":{"line":1,"column":0},"end":{"line":1,"column":54}},"1":{"start":{"line":5,"column":13},"end":{"line":10,"column":3}},"2":{"start":{"line":12,"column":25},"end":{"line":12,"column":103}},"3":{"start":{"line":12,"column":61},"end":{"line":12,"column":103}},"4":{"start":{"line":12,"column":13},"end":{"line":12,"column":25}}},"fnMap":{"0":{"name":"(anonymous_0)","decl":{"start":{"line":12,"column":25},"end":{"line":12,"column":26}},"loc":{"start":{"line":12,"column":61},"end":{"line":12,"column":103}}}},"branchMap":{},"s":{"0":1,"1":1,"2":1,"3":0,"4":1},"f":{"0":0},"b":{}}
,"/home/fredheeks/projects/challenge/api/endpoints/delete-event.ts": {"path":"/home/fredheeks/projects/challenge/api/endpoints/delete-event.ts","statementMap":{"0":{"start":{"line":5,"column":0},"end":{"line":5,"column":44}},"1":{"start":{"line":7,"column":27},"end":{"line":22,"column":1}},"2":{"start":{"line":8,"column":21},"end":{"line":8,"column":31}},"3":{"start":{"line":9,"column":4},"end":{"line":21,"column":5}},"4":{"start":{"line":10,"column":8},"end":{"line":10,"column":53}},"5":{"start":{"line":12,"column":24},"end":{"line":12,"column":82}},"6":{"start":{"line":14,"column":8},"end":{"line":20,"column":11}},"7":{"start":{"line":15,"column":12},"end":{"line":19,"column":13}},"8":{"start":{"line":16,"column":16},"end":{"line":16,"column":49}},"9":{"start":{"line":18,"column":16},"end":{"line":18,"column":53}},"10":{"start":{"line":7,"column":13},"end":{"line":7,"column":27}}},"fnMap":{"0":{"name":"(anonymous_0)","decl":{"start":{"line":7,"column":27},"end":{"line":7,"column":28}},"loc":{"start":{"line":7,"column":59},"end":{"line":22,"column":1}}},"1":{"name":"(anonymous_1)","decl":{"start":{"line":14,"column":31},"end":{"line":14,"column":32}},"loc":{"start":{"line":14,"column":54},"end":{"line":20,"column":9}}}},"branchMap":{"0":{"loc":{"start":{"line":9,"column":4},"end":{"line":21,"column":5}},"type":"if","locations":[{"start":{"line":9,"column":4},"end":{"line":21,"column":5}},{"start":{"line":11,"column":11},"end":{"line":21,"column":5}}]},"1":{"loc":{"start":{"line":15,"column":12},"end":{"line":19,"column":13}},"type":"if","locations":[{"start":{"line":15,"column":12},"end":{"line":19,"column":13}},{"start":{"line":17,"column":19},"end":{"line":19,"column":13}}]}},"s":{"0":1,"1":1,"2":1,"3":1,"4":0,"5":1,"6":1,"7":1,"8":0,"9":1,"10":1},"f":{"0":1,"1":1},"b":{"0":[0,1],"1":[0,1]}}
,"/home/fredheeks/projects/challenge/api/endpoints/get-events.ts": {"path":"/home/fredheeks/projects/challenge/api/endpoints/get-events.ts","statementMap":{"0":{"start":{"line":4,"column":0},"end":{"line":4,"column":44}},"1":{"start":{"line":6,"column":25},"end":{"line":14,"column":1}},"2":{"start":{"line":7,"column":1},"end":{"line":13,"column":7}},"3":{"start":{"line":8,"column":8},"end":{"line":12,"column":9}},"4":{"start":{"line":9,"column":12},"end":{"line":9,"column":45}},"5":{"start":{"line":11,"column":12},"end":{"line":11,"column":30}},"6":{"start":{"line":6,"column":13},"end":{"line":6,"column":25}}},"fnMap":{"0":{"name":"(anonymous_0)","decl":{"start":{"line":6,"column":25},"end":{"line":6,"column":26}},"loc":{"start":{"line":6,"column":57},"end":{"line":14,"column":1}}},"1":{"name":"(anonymous_1)","decl":{"start":{"line":7,"column":53},"end":{"line":7,"column":54}},"loc":{"start":{"line":7,"column":95},"end":{"line":13,"column":5}}}},"branchMap":{"0":{"loc":{"start":{"line":8,"column":8},"end":{"line":12,"column":9}},"type":"if","locations":[{"start":{"line":8,"column":8},"end":{"line":12,"column":9}},{"start":{"line":10,"column":15},"end":{"line":12,"column":9}}]}},"s":{"0":1,"1":1,"2":1,"3":1,"4":0,"5":1,"6":1},"f":{"0":1,"1":1},"b":{"0":[0,1]}}
,"/home/fredheeks/projects/challenge/api/endpoints/get-tickets.ts": {"path":"/home/fredheeks/projects/challenge/api/endpoints/get-tickets.ts","statementMap":{"0":{"start":{"line":4,"column":0},"end":{"line":4,"column":44}},"1":{"start":{"line":6,"column":26},"end":{"line":23,"column":1}},"2":{"start":{"line":7,"column":21},"end":{"line":7,"column":31}},"3":{"start":{"line":8,"column":1},"end":{"line":22,"column":2}},"4":{"start":{"line":9,"column":2},"end":{"line":9,"column":47}},"5":{"start":{"line":11,"column":16},"end":{"line":13,"column":34}},"6":{"start":{"line":15,"column":2},"end":{"line":21,"column":11}},"7":{"start":{"line":16,"column":12},"end":{"line":20,"column":13}},"8":{"start":{"line":17,"column":16},"end":{"line":17,"column":49}},"9":{"start":{"line":19,"column":16},"end":{"line":19,"column":34}},"10":{"start":{"line":6,"column":13},"end":{"line":6,"column":26}}},"fnMap":{"0":{"name":"(anonymous_0)","decl":{"start":{"line":6,"column":26},"end":{"line":6,"column":27}},"loc":{"start":{"line":6,"column":58},"end":{"line":23,"column":1}}},"1":{"name":"(anonymous_1)","decl":{"start":{"line":15,"column":23},"end":{"line":15,"column":24}},"loc":{"start":{"line":15,"column":66},"end":{"line":21,"column":9}}}},"branchMap":{"0":{"loc":{"start":{"line":8,"column":1},"end":{"line":22,"column":2}},"type":"if","locations":[{"start":{"line":8,"column":1},"end":{"line":22,"column":2}},{"start":{"line":10,"column":8},"end":{"line":22,"column":2}}]},"1":{"loc":{"start":{"line":16,"column":12},"end":{"line":20,"column":13}},"type":"if","locations":[{"start":{"line":16,"column":12},"end":{"line":20,"column":13}},{"start":{"line":18,"column":19},"end":{"line":20,"column":13}}]}},"s":{"0":1,"1":1,"2":1,"3":1,"4":0,"5":1,"6":1,"7":1,"8":0,"9":1,"10":1},"f":{"0":1,"1":1},"b":{"0":[0,1],"1":[0,1]}}
,"/home/fredheeks/projects/challenge/api/endpoints/post-event.ts": {"path":"/home/fredheeks/projects/challenge/api/endpoints/post-event.ts","statementMap":{"0":{"start":{"line":3,"column":0},"end":{"line":3,"column":36}},"1":{"start":{"line":6,"column":0},"end":{"line":6,"column":44}},"2":{"start":{"line":8,"column":25},"end":{"line":25,"column":1}},"3":{"start":{"line":9,"column":61},"end":{"line":9,"column":69}},"4":{"start":{"line":11,"column":1},"end":{"line":24,"column":5}},"5":{"start":{"line":12,"column":8},"end":{"line":12,"column":46}},"6":{"start":{"line":14,"column":19},"end":{"line":14,"column":27}},"7":{"start":{"line":15,"column":24},"end":{"line":15,"column":196}},"8":{"start":{"line":17,"column":8},"end":{"line":23,"column":11}},"9":{"start":{"line":18,"column":12},"end":{"line":22,"column":13}},"10":{"start":{"line":19,"column":16},"end":{"line":19,"column":49}},"11":{"start":{"line":21,"column":16},"end":{"line":21,"column":48}},"12":{"start":{"line":8,"column":13},"end":{"line":8,"column":25}}},"fnMap":{"0":{"name":"(anonymous_0)","decl":{"start":{"line":8,"column":25},"end":{"line":8,"column":26}},"loc":{"start":{"line":8,"column":57},"end":{"line":25,"column":1}}},"1":{"name":"(anonymous_1)","decl":{"start":{"line":17,"column":31},"end":{"line":17,"column":32}},"loc":{"start":{"line":17,"column":54},"end":{"line":23,"column":9}}}},"branchMap":{"0":{"loc":{"start":{"line":11,"column":1},"end":{"line":24,"column":5}},"type":"if","locations":[{"start":{"line":11,"column":1},"end":{"line":24,"column":5}},{"start":{"line":13,"column":11},"end":{"line":24,"column":5}}]},"1":{"loc":{"start":{"line":11,"column":5},"end":{"line":11,"column":62}},"type":"binary-expr","locations":[{"start":{"line":11,"column":5},"end":{"line":11,"column":15}},{"start":{"line":11,"column":19},"end":{"line":11,"column":29}},{"start":{"line":11,"column":33},"end":{"line":11,"column":41}},{"start":{"line":11,"column":45},"end":{"line":11,"column":62}}]},"2":{"loc":{"start":{"line":18,"column":12},"end":{"line":22,"column":13}},"type":"if","locations":[{"start":{"line":18,"column":12},"end":{"line":22,"column":13}},{"start":{"line":20,"column":19},"end":{"line":22,"column":13}}]}},"s":{"0":1,"1":1,"2":1,"3":2,"4":2,"5":1,"6":1,"7":1,"8":1,"9":1,"10":0,"11":1,"12":1},"f":{"0":2,"1":1},"b":{"0":[1,1],"1":[2,2,1,1],"2":[0,1]}}
,"/home/fredheeks/projects/challenge/api/endpoints/put-event.ts": {"path":"/home/fredheeks/projects/challenge/api/endpoints/put-event.ts","statementMap":{"0":{"start":{"line":4,"column":0},"end":{"line":4,"column":44}},"1":{"start":{"line":6,"column":24},"end":{"line":28,"column":1}},"2":{"start":{"line":7,"column":21},"end":{"line":7,"column":31}},"3":{"start":{"line":8,"column":61},"end":{"line":8,"column":69}},"4":{"start":{"line":10,"column":1},"end":{"line":27,"column":5}},"5":{"start":{"line":11,"column":2},"end":{"line":11,"column":47}},"6":{"start":{"line":12,"column":8},"end":{"line":27,"column":5}},"7":{"start":{"line":13,"column":8},"end":{"line":13,"column":46}},"8":{"start":{"line":15,"column":24},"end":{"line":18,"column":29}},"9":{"start":{"line":20,"column":8},"end":{"line":26,"column":11}},"10":{"start":{"line":21,"column":12},"end":{"line":25,"column":13}},"11":{"start":{"line":22,"column":16},"end":{"line":22,"column":49}},"12":{"start":{"line":24,"column":16},"end":{"line":24,"column":53}},"13":{"start":{"line":6,"column":13},"end":{"line":6,"column":24}}},"fnMap":{"0":{"name":"(anonymous_0)","decl":{"start":{"line":6,"column":24},"end":{"line":6,"column":25}},"loc":{"start":{"line":6,"column":56},"end":{"line":28,"column":1}}},"1":{"name":"(anonymous_1)","decl":{"start":{"line":20,"column":31},"end":{"line":20,"column":32}},"loc":{"start":{"line":20,"column":54},"end":{"line":26,"column":9}}}},"branchMap":{"0":{"loc":{"start":{"line":10,"column":1},"end":{"line":27,"column":5}},"type":"if","locations":[{"start":{"line":10,"column":1},"end":{"line":27,"column":5}},{"start":{"line":12,"column":8},"end":{"line":27,"column":5}}]},"1":{"loc":{"start":{"line":10,"column":5},"end":{"line":10,"column":44}},"type":"binary-expr","locations":[{"start":{"line":10,"column":5},"end":{"line":10,"column":26}},{"start":{"line":10,"column":30},"end":{"line":10,"column":44}}]},"2":{"loc":{"start":{"line":12,"column":8},"end":{"line":27,"column":5}},"type":"if","locations":[{"start":{"line":12,"column":8},"end":{"line":27,"column":5}},{"start":{"line":14,"column":11},"end":{"line":27,"column":5}}]},"3":{"loc":{"start":{"line":12,"column":12},"end":{"line":12,"column":69}},"type":"binary-expr","locations":[{"start":{"line":12,"column":12},"end":{"line":12,"column":22}},{"start":{"line":12,"column":26},"end":{"line":12,"column":36}},{"start":{"line":12,"column":40},"end":{"line":12,"column":48}},{"start":{"line":12,"column":52},"end":{"line":12,"column":69}}]},"4":{"loc":{"start":{"line":21,"column":12},"end":{"line":25,"column":13}},"type":"if","locations":[{"start":{"line":21,"column":12},"end":{"line":25,"column":13}},{"start":{"line":23,"column":19},"end":{"line":25,"column":13}}]}},"s":{"0":1,"1":1,"2":2,"3":2,"4":2,"5":0,"6":2,"7":1,"8":1,"9":1,"10":1,"11":0,"12":1,"13":1},"f":{"0":2,"1":1},"b":{"0":[0,2],"1":[2,2],"2":[1,1],"3":[2,2,1,1],"4":[0,1]}}
,"/home/fredheeks/projects/challenge/api/endpoints/version.ts": {"path":"/home/fredheeks/projects/challenge/api/endpoints/version.ts","statementMap":{"0":{"start":{"line":2,"column":0},"end":{"line":2,"column":56}},"1":{"start":{"line":4,"column":23},"end":{"line":6,"column":1}},"2":{"start":{"line":5,"column":1},"end":{"line":5,"column":22}},"3":{"start":{"line":4,"column":13},"end":{"line":4,"column":23}}},"fnMap":{"0":{"name":"(anonymous_0)","decl":{"start":{"line":4,"column":23},"end":{"line":4,"column":24}},"loc":{"start":{"line":4,"column":55},"end":{"line":6,"column":1}}}},"branchMap":{},"s":{"0":1,"1":1,"2":1,"3":1},"f":{"0":1},"b":{}}
,"/home/fredheeks/projects/challenge/api/routes/main.ts": {"path":"/home/fredheeks/projects/challenge/api/routes/main.ts","statementMap":{"0":{"start":{"line":1,"column":0},"end":{"line":1,"column":33}},"1":{"start":{"line":3,"column":0},"end":{"line":3,"column":47}},"2":{"start":{"line":4,"column":0},"end":{"line":4,"column":52}},"3":{"start":{"line":5,"column":0},"end":{"line":5,"column":52}},"4":{"start":{"line":6,"column":0},"end":{"line":6,"column":56}},"5":{"start":{"line":7,"column":0},"end":{"line":7,"column":54}},"6":{"start":{"line":8,"column":0},"end":{"line":8,"column":50}},"7":{"start":{"line":10,"column":15},"end":{"line":10,"column":23}},"8":{"start":{"line":12,"column":0},"end":{"line":12,"column":32}},"9":{"start":{"line":13,"column":0},"end":{"line":13,"column":33}},"10":{"start":{"line":14,"column":0},"end":{"line":14,"column":44}},"11":{"start":{"line":15,"column":0},"end":{"line":15,"column":34}},"12":{"start":{"line":16,"column":0},"end":{"line":16,"column":47}},"13":{"start":{"line":17,"column":0},"end":{"line":17,"column":41}},"14":{"start":{"line":19,"column":0},"end":{"line":19,"column":22}}},"fnMap":{},"branchMap":{},"s":{"0":1,"1":1,"2":1,"3":1,"4":1,"5":1,"6":1,"7":1,"8":1,"9":1,"10":1,"11":1,"12":1,"13":1,"14":1},"f":{},"b":{}}
}
